<?xml version="1.0" encoding="UTF-8"?>
<!-- Generated by org.testng.reporters.JUnitReportReporter -->
<testsuite skipped="0" hostname="Tania-PC" name="newTask.Windowshandling" tests="4" failures="0" timestamp="2022-09-25T15:49:24 IST" time="26.817" errors="0">
  <testcase name="url" time="10.070" classname="newTask.Windowshandling"/>
  <system-out/>
  <testcase name="login" time="1.369" classname="newTask.Windowshandling"/>
  <system-out/>
  <testcase name="newPage" time="14.926" classname="newTask.Windowshandling"/>
  <system-out/>
  <testcase name="close" time="0.452" classname="newTask.Windowshandling"/>
  <system-out/>
</testsuite> <!-- newTask.Windowshandling -->
